Bootstrapping Chef on devr1n21
devr1n21 Starting Chef Client, version 11.4.0[0m
devr1n21 resolving cookbooks for run list: ["yum::rhel", "yum::epel", "yum::openstack", "yum::addition", "iptables", "openstack-common", "openstack-ops-database::server", "openstack-ops-database::openstack-db", "openstack-ops-messaging::server", "openstack-identity::server", "openstack-identity::registration", "openstack-common::rcfile", "openstack-image::registry", "openstack-image::identity_registration", "openstack-image::api", "openstack-block-storage::api", "openstack-block-storage::identity_registration", "openstack-block-storage::scheduler", "openstack-compute::vncproxy", "openstack-dashboard::server", "openstack-compute::network"][0m
devr1n21 Synchronizing Cookbooks:[0m
devr1n21   - iptables[0m
devr1n21   - nova[0m
devr1n21   - osops-utils[0m
devr1n21   - selinux[0m
devr1n21   - keystone[0m
devr1n21   - openstack-common[0m
devr1n21   - openstack-ops-database[0m
devr1n21   - openstack-ops-messaging[0m
devr1n21   - quantum[0m
devr1n21   - openstack-patch[0m
devr1n21   - sysctl[0m
devr1n21   - glance[0m
devr1n21   - cinder[0m
devr1n21   - databag[0m
devr1n21   - yum[0m
devr1n21   - apache2[0m
devr1n21   - openstack-dashboard[0m
devr1n21   - build-essential[0m
devr1n21   - python[0m
devr1n21   - openssl[0m
devr1n21   - apt[0m
devr1n21   - postgresql[0m
devr1n21   - mysql[0m
devr1n21   - openstack-identity[0m
devr1n21   - openstack-network[0m
devr1n21   - openstack-image[0m
devr1n21   - openstack-compute[0m
devr1n21   - openstack-block-storage[0m
devr1n21   - keepalived[0m
devr1n21   - qpid[0m
devr1n21   - erlang[0m
devr1n21   - rabbitmq[0m
devr1n21   - db2[0m
devr1n21   - database[0m
devr1n21 Compiling Cookbooks...[0m
devr1n21 /opt/chef/embedded/lib/ruby/gems/1.9.1/gems/chef-11.4.0/lib/chef/provider/lwrp_base.rb:97: warning: already initialized constant YumKey
devr1n21 /opt/chef/embedded/lib/ruby/gems/1.9.1/gems/chef-11.4.0/lib/chef/provider/lwrp_base.rb:97: warning: already initialized constant YumRepository
devr1n21 /opt/chef/embedded/lib/ruby/gems/1.9.1/gems/chef-11.4.0/lib/chef/resource/lwrp_base.rb:51: warning: already initialized constant YumKey
devr1n21 /opt/chef/embedded/lib/ruby/gems/1.9.1/gems/chef-11.4.0/lib/chef/resource/lwrp_base.rb:51: warning: already initialized constant YumRepository
devr1n21 /opt/chef/embedded/lib/ruby/gems/1.9.1/gems/chef-11.4.0/lib/chef/provider/lwrp_base.rb:97: warning: already initialized constant OpenstackIdentityRegister
devr1n21 /opt/chef/embedded/lib/ruby/gems/1.9.1/gems/chef-11.4.0/lib/chef/resource/lwrp_base.rb:51: warning: already initialized constant OpenstackIdentityRegister
devr1n21 /opt/chef/embedded/lib/ruby/gems/1.9.1/gems/chef-11.4.0/lib/chef/provider/lwrp_base.rb:97: warning: already initialized constant OpenstackImageImage
devr1n21 /opt/chef/embedded/lib/ruby/gems/1.9.1/gems/chef-11.4.0/lib/chef/resource/lwrp_base.rb:51: warning: already initialized constant OpenstackImageImage
devr1n21 [2013-10-11T03:43:20-05:00] WARN: Cloning resource attributes for directory[/var/lib/mysql] from prior resource (CHEF-3694)
devr1n21 [2013-10-11T03:43:20-05:00] WARN: Previous directory[/var/lib/mysql]: /var/chef/cache/cookbooks/mysql/recipes/server.rb:109:in `block in from_file'
devr1n21 [2013-10-11T03:43:20-05:00] WARN: Current  directory[/var/lib/mysql]: /var/chef/cache/cookbooks/mysql/recipes/server.rb:109:in `block in from_file'
devr1n21 [2013-10-11T03:43:20-05:00] WARN: Cloning resource attributes for service[mysql] from prior resource (CHEF-3694)
devr1n21 [2013-10-11T03:43:20-05:00] WARN: Previous service[mysql]: /var/chef/cache/cookbooks/mysql/recipes/server.rb:155:in `from_file'
devr1n21 [2013-10-11T03:43:20-05:00] WARN: Current  service[mysql]: /var/chef/cache/cookbooks/mysql/recipes/server.rb:219:in `from_file'
devr1n21 [2013-10-11T03:43:20-05:00] WARN: Cloning resource attributes for package[MySQL-python] from prior resource (CHEF-3694)
devr1n21 [2013-10-11T03:43:20-05:00] WARN: Previous package[MySQL-python]: /var/chef/cache/cookbooks/openstack-identity/recipes/server.rb:39:in `block in from_file'
devr1n21 [2013-10-11T03:43:20-05:00] WARN: Current  package[MySQL-python]: /var/chef/cache/cookbooks/openstack-image/recipes/registry.rb:49:in `block in from_file'
devr1n21 [2013-10-11T03:43:20-05:00] WARN: Cloning resource attributes for package[python-keystone] from prior resource (CHEF-3694)
devr1n21 [2013-10-11T03:43:20-05:00] WARN: Previous package[python-keystone]: /var/chef/cache/cookbooks/openstack-image/recipes/registry.rb:31:in `from_file'
devr1n21 [2013-10-11T03:43:20-05:00] WARN: Current  package[python-keystone]: /var/chef/cache/cookbooks/openstack-image/recipes/api.rb:35:in `from_file'
devr1n21 [2013-10-11T03:43:20-05:00] WARN: Cloning resource attributes for package[curl] from prior resource (CHEF-3694)
devr1n21 [2013-10-11T03:43:20-05:00] WARN: Previous package[curl]: /var/chef/cache/cookbooks/openstack-image/recipes/registry.rb:43:in `from_file'
devr1n21 [2013-10-11T03:43:20-05:00] WARN: Current  package[curl]: /var/chef/cache/cookbooks/openstack-image/recipes/api.rb:39:in `from_file'
devr1n21 [2013-10-11T03:43:20-05:00] WARN: Cloning resource attributes for package[openstack-glance] from prior resource (CHEF-3694)
devr1n21 [2013-10-11T03:43:20-05:00] WARN: Previous package[openstack-glance]: /var/chef/cache/cookbooks/openstack-image/recipes/registry.rb:55:in `block in from_file'
devr1n21 [2013-10-11T03:43:20-05:00] WARN: Current  package[openstack-glance]: /var/chef/cache/cookbooks/openstack-image/recipes/api.rb:44:in `block in from_file'
devr1n21 [2013-10-11T03:43:20-05:00] WARN: Cloning resource attributes for package[cronie] from prior resource (CHEF-3694)
devr1n21 [2013-10-11T03:43:20-05:00] WARN: Previous package[cronie]: /var/chef/cache/cookbooks/openstack-image/recipes/registry.rb:55:in `block in from_file'
devr1n21 [2013-10-11T03:43:20-05:00] WARN: Current  package[cronie]: /var/chef/cache/cookbooks/openstack-image/recipes/api.rb:44:in `block in from_file'
devr1n21 [2013-10-11T03:43:20-05:00] WARN: Cloning resource attributes for package[python-glanceclient] from prior resource (CHEF-3694)
devr1n21 [2013-10-11T03:43:20-05:00] WARN: Previous package[python-glanceclient]: /var/chef/cache/cookbooks/openstack-image/recipes/registry.rb:55:in `block in from_file'
devr1n21 [2013-10-11T03:43:20-05:00] WARN: Current  package[python-glanceclient]: /var/chef/cache/cookbooks/openstack-image/recipes/api.rb:44:in `block in from_file'
devr1n21 [2013-10-11T03:43:20-05:00] WARN: Cloning resource attributes for directory[/etc/glance] from prior resource (CHEF-3694)
devr1n21 [2013-10-11T03:43:20-05:00] WARN: Previous directory[/etc/glance]: /var/chef/cache/cookbooks/openstack-image/recipes/registry.rb:84:in `from_file'
devr1n21 [2013-10-11T03:43:20-05:00] WARN: Current  directory[/etc/glance]: /var/chef/cache/cookbooks/openstack-image/recipes/api.rb:56:in `from_file'
devr1n21 [2013-10-11T03:43:20-05:00] WARN: Cloning resource attributes for directory[/var/cache/glance] from prior resource (CHEF-3694)
devr1n21 [2013-10-11T03:43:20-05:00] WARN: Previous directory[/var/cache/glance]: /var/chef/cache/cookbooks/openstack-image/recipes/registry.rb:60:in `from_file'
devr1n21 [2013-10-11T03:43:20-05:00] WARN: Current  directory[/var/cache/glance]: /var/chef/cache/cookbooks/openstack-image/recipes/api.rb:62:in `from_file'
devr1n21 [2013-10-11T03:43:20-05:00] WARN: Cloning resource attributes for package[MySQL-python] from prior resource (CHEF-3694)
devr1n21 [2013-10-11T03:43:20-05:00] WARN: Previous package[MySQL-python]: /var/chef/cache/cookbooks/openstack-image/recipes/registry.rb:49:in `block in from_file'
devr1n21 [2013-10-11T03:43:20-05:00] WARN: Current  package[MySQL-python]: /var/chef/cache/cookbooks/openstack-block-storage/recipes/api.rb:41:in `block in from_file'
devr1n21 [2013-10-11T03:43:20-05:00] WARN: Cloning resource attributes for package[MySQL-python] from prior resource (CHEF-3694)
devr1n21 [2013-10-11T03:43:20-05:00] WARN: Previous package[MySQL-python]: /var/chef/cache/cookbooks/openstack-block-storage/recipes/api.rb:41:in `block in from_file'
devr1n21 [2013-10-11T03:43:20-05:00] WARN: Current  package[MySQL-python]: /var/chef/cache/cookbooks/openstack-block-storage/recipes/scheduler.rb:37:in `block in from_file'
devr1n21 [2013-10-11T03:43:20-05:00] WARN: Cloning resource attributes for package[python-memcached] from prior resource (CHEF-3694)
devr1n21 [2013-10-11T03:43:20-05:00] WARN: Previous package[python-memcached]: /var/chef/cache/cookbooks/openstack-identity/recipes/server.rb:45:in `block in from_file'
devr1n21 [2013-10-11T03:43:20-05:00] WARN: Current  package[python-memcached]: /var/chef/cache/cookbooks/openstack-compute/recipes/nova-common.rb:46:in `block in from_file'
devr1n21 [2013-10-11T03:43:20-05:00] WARN: Cloning resource attributes for package[perl] from prior resource (CHEF-3694)
devr1n21 [2013-10-11T03:43:20-05:00] WARN: Previous package[perl]: /var/chef/cache/cookbooks/iptables/recipes/default.rb:21:in `from_file'
devr1n21 [2013-10-11T03:43:20-05:00] WARN: Current  package[perl]: /var/chef/cache/cookbooks/apache2/recipes/default.rb:51:in `from_file'
devr1n21 [2013-10-11T03:43:20-05:00] WARN: Cloning resource attributes for service[apache2] from prior resource (CHEF-3694)
devr1n21 [2013-10-11T03:43:20-05:00] WARN: Previous service[apache2]: /var/chef/cache/cookbooks/apache2/recipes/default.rb:24:in `from_file'
devr1n21 [2013-10-11T03:43:20-05:00] WARN: Current  service[apache2]: /var/chef/cache/cookbooks/apache2/recipes/default.rb:221:in `from_file'
devr1n21 [2013-10-11T03:43:20-05:00] WARN: Cloning resource attributes for file[/etc/httpd/conf.d/ssl.conf] from prior resource (CHEF-3694)
devr1n21 [2013-10-11T03:43:20-05:00] WARN: Previous file[/etc/httpd/conf.d/ssl.conf]: /var/chef/cache/cookbooks/apache2/recipes/default.rb:84:in `block in from_file'
devr1n21 [2013-10-11T03:43:20-05:00] WARN: Current  file[/etc/httpd/conf.d/ssl.conf]: /var/chef/cache/cookbooks/apache2/recipes/mod_ssl.rb:31:in `from_file'
devr1n21 [2013-10-11T03:43:20-05:00] WARN: Cloning resource attributes for template[/etc/httpd/ports.conf] from prior resource (CHEF-3694)
devr1n21 [2013-10-11T03:43:20-05:00] WARN: Previous template[/etc/httpd/ports.conf]: /var/chef/cache/cookbooks/apache2/recipes/default.rb:195:in `from_file'
devr1n21 [2013-10-11T03:43:20-05:00] WARN: Current  template[/etc/httpd/ports.conf]: /var/chef/cache/cookbooks/apache2/recipes/mod_ssl.rb:37:in `from_file'
devr1n21 [2013-10-11T03:43:20-05:00] WARN: Cloning resource attributes for package[MySQL-python] from prior resource (CHEF-3694)
devr1n21 [2013-10-11T03:43:20-05:00] WARN: Previous package[MySQL-python]: /var/chef/cache/cookbooks/openstack-block-storage/recipes/scheduler.rb:37:in `block in from_file'
devr1n21 [2013-10-11T03:43:20-05:00] WARN: Current  package[MySQL-python]: /var/chef/cache/cookbooks/openstack-dashboard/recipes/server.rb:69:in `block in from_file'
devr1n21 [2013-10-11T03:43:20-05:00] WARN: Cloning resource attributes for package[python-memcached] from prior resource (CHEF-3694)
devr1n21 [2013-10-11T03:43:20-05:00] WARN: Previous package[python-memcached]: /var/chef/cache/cookbooks/openstack-compute/recipes/nova-common.rb:46:in `block in from_file'
devr1n21 [2013-10-11T03:43:20-05:00] WARN: Current  package[python-memcached]: /var/chef/cache/cookbooks/openstack-dashboard/recipes/server.rb:77:in `block in from_file'
devr1n21 [2013-10-11T03:43:20-05:00] WARN: Cloning resource attributes for package[iptables] from prior resource (CHEF-3694)
devr1n21 [2013-10-11T03:43:20-05:00] WARN: Previous package[iptables]: /var/chef/cache/cookbooks/iptables/recipes/default.rb:20:in `from_file'
devr1n21 [2013-10-11T03:43:20-05:00] WARN: Current  package[iptables]: /var/chef/cache/cookbooks/openstack-compute/recipes/network.rb:32:in `block in from_file'
devr1n21 Converging 249 resources[0m
devr1n21 Recipe: yum::rhel[0m
devr1n21   * yum_repository[rhel] action add[0m
devr1n21  (up to date)[0m
devr1n21 Recipe: yum::epel[0m
devr1n21   * yum_key[] action add[0m (up to date)[0m
devr1n21   * yum_repository[epel] action add[0m (up to date)[0m
devr1n21 Recipe: yum::openstack[0m
devr1n21   * yum_repository[openstack] action add[0m
devr1n21  (up to date)[0m
devr1n21 Recipe: yum::addition[0m
devr1n21   * yum_repository[addition] action add[0m (up to date)[0m
devr1n21 Recipe: iptables::default[0m
devr1n21   * package[iptables] action install[0m
devr1n21  (up to date)[0m
devr1n21   * package[perl] action install[0m (up to date)[0m
devr1n21   * execute[rebuild-iptables] action nothing[0m
devr1n21  (up to date)[0m
devr1n21   * directory[/etc/iptables.d] action create[0m
devr1n21  (up to date)[0m
devr1n21   * cookbook_file[/usr/sbin/rebuild-iptables] action create[0m
devr1n21  (up to date)[0m
devr1n21   * template[/etc/iptables.d/all_established] action create[0m
devr1n21  (up to date)[0m
devr1n21   * template[/etc/iptables.d/all_icmp] action create[0m
devr1n21  (up to date)[0m
devr1n21   * template[/etc/iptables.d/all_ssh] action create[0m
devr1n21  (up to date)[0m
devr1n21 Recipe: mysql::client[0m
devr1n21   * package[mysql] action install[0m
devr1n21  (up to date)[0m
devr1n21   * package[mysql-devel] action install[0m (up to date)[0m
devr1n21 Recipe: mysql::server[0m
devr1n21   * package[mysql-server] action install[0m
devr1n21  (up to date)[0m
devr1n21   * directory[/var/run/mysqld] action create[0m
devr1n21  (up to date)[0m
devr1n21   * directory[/var/log/mysql] action create[0m
devr1n21  (up to date)[0m
devr1n21   * directory[/etc] action create[0m
devr1n21  (up to date)[0m
devr1n21   * directory[/etc/mysql/conf.d] action create[0m
devr1n21  (up to date)[0m
devr1n21   * directory[/var/lib/mysql] action create[0m
devr1n21  (up to date)[0m
devr1n21   * directory[/var/lib/mysql] action create[0m
devr1n21  (up to date)[0m
devr1n21   * execute[mysql-install-db] action run[0m (skipped due to not_if)[0m
devr1n21   * service[mysql] action enable[0m
devr1n21  (up to date)[0m
devr1n21   * execute[assign-root-password] action run[0m
devr1n21  (skipped due to only_if)[0m
devr1n21   * template[/etc/mysql_grants.sql] action create[0m
devr1n21  (up to date)[0m
devr1n21   * execute[mysql-install-privileges] action nothing[0m (up to date)[0m
devr1n21   * template[/etc/my.cnf] action create[0m
devr1n21  (up to date)[0m
devr1n21   * service[mysql] action start[0m
devr1n21  (up to date)[0m
devr1n21 Recipe: openstack-ops-database::mysql-server[0m
devr1n21   * execute[update mysql.user] action run[0m
devr1n21 [32m
devr1n21     - execute mysql -u root -ppassword -e "UPDATE mysql.user SET host='172.16.1.21' WHERE host='127.0.0.1'"[0m
devr1n21 [0m
devr1n21 Recipe: openstack-ops-database::openstack-db[0m
devr1n21   * execute[create database(nova) on 172.16.1.21] action run[0m
devr1n21 [32m
devr1n21     - execute mysql -P 3306 -u root -ppassword -e "CREATE DATABASE IF NOT EXISTS nova"[0m
devr1n21 [0m
devr1n21   * execute[grant user(nova) to database(nova) on 172.16.1.21] action run[0m
devr1n21 [32m
devr1n21     - execute mysql -P 3306 -u root -ppassword -e "GRANT ALL ON nova.* TO 'nova'@'%' IDENTIFIED BY 'nova'"[0m
devr1n21 [0m
devr1n21   * execute[create database(horizon) on 172.16.1.21] action run[0m
devr1n21 [32m
devr1n21     - execute mysql -P 3306 -u root -ppassword -e "CREATE DATABASE IF NOT EXISTS horizon"[0m
devr1n21 [0m
devr1n21   * execute[grant user(horizon) to database(horizon) on 172.16.1.21] action run[0m
devr1n21 [32m
devr1n21     - execute mysql -P 3306 -u root -ppassword -e "GRANT ALL ON horizon.* TO 'horizon'@'%' IDENTIFIED BY 'horizon'"[0m
devr1n21 [0m
devr1n21   * execute[create database(keystone) on 172.16.1.21] action run[0m
devr1n21 [32m
devr1n21     - execute mysql -P 3306 -u root -ppassword -e "CREATE DATABASE IF NOT EXISTS keystone"[0m
devr1n21 [0m
devr1n21   * execute[grant user(keystone) to database(keystone) on 172.16.1.21] action run[0m
devr1n21 [32m
devr1n21     - execute mysql -P 3306 -u root -ppassword -e "GRANT ALL ON keystone.* TO 'keystone'@'%' IDENTIFIED BY 'keystone'"[0m
devr1n21 [0m
devr1n21   * execute[create database(glance) on 172.16.1.21] action run[0m
devr1n21 [32m
devr1n21     - execute mysql -P 3306 -u root -ppassword -e "CREATE DATABASE IF NOT EXISTS glance"[0m
devr1n21 [0m
devr1n21   * execute[grant user(glance) to database(glance) on 172.16.1.21] action run[0m
devr1n21 [32m
devr1n21     - execute mysql -P 3306 -u root -ppassword -e "GRANT ALL ON glance.* TO 'glance'@'%' IDENTIFIED BY 'glance'"[0m
devr1n21 [0m
devr1n21   * execute[create database(ceilometer) on 172.16.1.21] action run[0m
devr1n21 [32m
devr1n21     - execute mysql -P 3306 -u root -ppassword -e "CREATE DATABASE IF NOT EXISTS ceilometer"[0m
devr1n21 [0m
devr1n21   * execute[grant user(ceilometer) to database(ceilometer) on 172.16.1.21] action run[0m
devr1n21 [32m
devr1n21     - execute mysql -P 3306 -u root -ppassword -e "GRANT ALL ON ceilometer.* TO 'ceilometer'@'%' IDENTIFIED BY 'ceilometer'"[0m
devr1n21 [0m
devr1n21   * execute[create database(network) on 172.16.1.21] action run[0m
devr1n21 [32m
devr1n21     - execute mysql -P 3306 -u root -ppassword -e "CREATE DATABASE IF NOT EXISTS network"[0m
devr1n21 [0m
devr1n21   * execute[grant user(network) to database(network) on 172.16.1.21] action run[0m
devr1n21 [32m
devr1n21     - execute mysql -P 3306 -u root -ppassword -e "GRANT ALL ON network.* TO 'network'@'%' IDENTIFIED BY 'quantum'"[0m
devr1n21 [0m
devr1n21   * execute[create database(cinder) on 172.16.1.21] action run[0m
devr1n21 [32m
devr1n21     - execute mysql -P 3306 -u root -ppassword -e "CREATE DATABASE IF NOT EXISTS cinder"[0m
devr1n21 [0m
devr1n21   * execute[grant user(cinder) to database(cinder) on 172.16.1.21] action run[0m
devr1n21 [32m
devr1n21     - execute mysql -P 3306 -u root -ppassword -e "GRANT ALL ON cinder.* TO 'cinder'@'%' IDENTIFIED BY 'cinder'"[0m
devr1n21 [0m
devr1n21 Recipe: qpid::single[0m
devr1n21   * qpid_setup[setup qpid] action create[0m
devr1n21  (up to date)[0m
devr1n21 Recipe: <Dynamically Defined Resource>[0m
devr1n21   * package[qpid-cpp-server] action install[0m
devr1n21  (up to date)[0m
devr1n21   * package[qpid-tools] action install[0m
devr1n21  (up to date)[0m
devr1n21   * service[qpidd] action nothing[0m
devr1n21  (up to date)[0m
devr1n21   * template[/etc/qpidd.conf] action create[0m
devr1n21  (up to date)[0m
devr1n21 Recipe: openstack-identity::server[0m
devr1n21   * package[MySQL-python] action install[0m
devr1n21  (up to date)[0m
devr1n21   * package[python-memcached] action install[0m (up to date)[0m
devr1n21   * package[openstack-keystone] action upgrade[0m
devr1n21  (up to date)[0m
devr1n21   * execute[Keystone: sleep] action nothing[0m
devr1n21  (up to date)[0m
devr1n21   * service[keystone] action enable[0m
devr1n21  (up to date)[0m
devr1n21   * directory[/etc/keystone] action create[0m
devr1n21  (up to date)[0m
devr1n21   * directory[/etc/keystone/ssl] action create[0m (skipped due to only_if)[0m
devr1n21   * file[/var/lib/keystone/keystone.db] action delete[0m
devr1n21  (up to date)[0m
devr1n21   * execute[keystone-manage pki_setup] action run[0m (skipped due to only_if)[0m
devr1n21   * template[/etc/keystone/keystone.conf] action create[0m
devr1n21  (up to date)[0m
devr1n21   * template[/etc/keystone/default_catalog.templates] action create[0m (skipped due to only_if)[0m
devr1n21   * execute[keystone-manage db_sync] action run[0m
devr1n21 [32m
devr1n21     - execute keystone-manage db_sync[0m
devr1n21 [0m
devr1n21 Recipe: openstack-identity::registration[0m
devr1n21   * bash[bootstrap-keystone-admin] action run[0m
devr1n21 [32m
devr1n21     - execute "bash"  "/tmp/chef-script20131011-24595-1c3pw0q"[0m
devr1n21 [0m
devr1n21   * openstack-identity_register[Register 'admin' Tenant] action create_tenant[0m
devr1n21  (up to date)[0m
devr1n21   * openstack-identity_register[Register 'service' Tenant] action create_tenant[0m
devr1n21  (up to date)[0m
devr1n21   * openstack-identity_register[Register 'admin' Role] action create_role[0m
devr1n21  (up to date)[0m
devr1n21   * openstack-identity_register[Register 'Member' Role] action create_role[0m
devr1n21  (up to date)[0m
devr1n21   * openstack-identity_register[Register 'KeystoneAdmin' Role] action create_role[0m
devr1n21  (up to date)[0m
devr1n21   * openstack-identity_register[Register 'KeystoneServiceAdmin' Role] action create_role[0m
devr1n21  (up to date)[0m
devr1n21   * openstack-identity_register[Register 'admin' User] action create_user[0m
devr1n21  (up to date)[0m
devr1n21   * openstack-identity_register[Grant 'admin' Role to 'admin' User in 'admin' Tenant] action grant_role[0m
devr1n21  (up to date)[0m
devr1n21   * openstack-identity_register[Grant 'KeystoneAdmin' Role to 'admin' User in 'admin' Tenant] action grant_role[0m
devr1n21  (up to date)[0m
devr1n21   * openstack-identity_register[Grant 'KeystoneServiceAdmin' Role to 'admin' User in 'admin' Tenant] action grant_role[0m
devr1n21  (up to date)[0m
devr1n21   * openstack-identity_register[Register 'monitoring' User] action create_user[0m
devr1n21  (up to date)[0m
devr1n21   * openstack-identity_register[Grant 'Member' Role to 'monitoring' User in 'admin' Tenant] action grant_role[0m
devr1n21  (up to date)[0m
devr1n21   * openstack-identity_register[Register Identity Service] action create_service[0m
devr1n21  (up to date)[0m
devr1n21   * openstack-identity_register[Register Identity Endpoint] action create_endpoint[0m
devr1n21  (up to date)[0m
devr1n21   * openstack-identity_register[Create EC2 credentials for 'admin' user] action create_ec2_credentials[0m
devr1n21  (up to date)[0m
devr1n21   * openstack-identity_register[Create EC2 credentials for 'monitoring' user] action create_ec2_credentials[0m
devr1n21  (up to date)[0m
devr1n21 Recipe: openstack-common::rcfile[0m
devr1n21   * template[/root/keystonerc] action create[0m
devr1n21  (up to date)[0m
devr1n21 Recipe: openstack-image::registry[0m
devr1n21   * package[python-keystone] action install[0m
devr1n21  (up to date)[0m
devr1n21   * package[curl] action install[0m (up to date)[0m
devr1n21   * package[MySQL-python] action install[0m
devr1n21  (up to date)[0m
devr1n21   * package[openstack-glance] action upgrade[0m
devr1n21  (up to date)[0m
devr1n21   * package[cronie] action upgrade[0m
devr1n21  (up to date)[0m
devr1n21   * package[python-glanceclient] action upgrade[0m (up to date)[0m
devr1n21   * directory[/var/cache/glance] action create[0m
devr1n21  (up to date)[0m
devr1n21   * service[image-registry] action enable[0m
devr1n21  (up to date)[0m
devr1n21   * execute[glance-manage version_control 0] action run[0m
devr1n21  (skipped due to only_if)[0m
devr1n21   * file[/var/lib/glance/glance.sqlite] action delete[0m (up to date)[0m
devr1n21   * directory[/etc/glance] action create[0m
devr1n21  (up to date)[0m
devr1n21   * template[/etc/glance/glance-registry.conf] action create[0m
devr1n21  (up to date)[0m
devr1n21   * execute[glance-manage db_sync] action run[0m
devr1n21 [32m
devr1n21     - execute glance-manage db_sync[0m
devr1n21 [0m
devr1n21   * template[/etc/glance/glance-registry-paste.ini] action create[0m
devr1n21  (up to date)[0m
devr1n21 Recipe: openstack-image::identity_registration[0m
devr1n21   * openstack-identity_register[Register Image Service] action create_service[0m
devr1n21  (up to date)[0m
devr1n21   * openstack-identity_register[Register Image Endpoint] action create_endpoint[0m
devr1n21  (up to date)[0m
devr1n21   * openstack-identity_register[Register Service Tenant] action create_tenant[0m
devr1n21  (up to date)[0m
devr1n21   * openstack-identity_register[Register glance User] action create_user[0m
devr1n21  (up to date)[0m
devr1n21   * openstack-identity_register[Grant 'admin' Role to glance User for service Tenant] action grant_role[0m
devr1n21  (up to date)[0m
devr1n21 Recipe: openstack-image::api[0m
devr1n21   * package[python-keystone] action install[0m (up to date)[0m
devr1n21   * package[curl] action install[0m (up to date)[0m
devr1n21   * package[openstack-glance] action upgrade[0m
devr1n21  (up to date)[0m
devr1n21   * package[cronie] action upgrade[0m
devr1n21  (up to date)[0m
devr1n21   * package[python-glanceclient] action upgrade[0m
devr1n21  (up to date)[0m
devr1n21   * service[image-api] action enable[0m
devr1n21  (up to date)[0m
devr1n21   * directory[/etc/glance] action create[0m
devr1n21  (up to date)[0m
devr1n21   * directory[/var/cache/glance] action create[0m
devr1n21  (up to date)[0m
devr1n21   * template[/etc/glance/policy.json] action create[0m
devr1n21  (up to date)[0m
devr1n21   * template[/etc/glance/glance-api.conf] action create[0m
devr1n21  (up to date)[0m
devr1n21   * template[/etc/glance/glance-api-paste.ini] action create[0m
devr1n21  (up to date)[0m
devr1n21   * template[/etc/glance/glance-cache.conf] action create[0m
devr1n21  (up to date)[0m
devr1n21   * template[/etc/glance/glance-cache-paste.ini] action create[0m
devr1n21  (up to date)[0m
devr1n21   * template[/etc/glance/glance-scrubber.conf] action create[0m
devr1n21  (up to date)[0m
devr1n21   * cron[glance-cache-pruner] action create[0m
devr1n21  (up to date)[0m
devr1n21   * cron[glance-cache-cleaner] action create[0m
devr1n21  (up to date)[0m
devr1n21   * template[/etc/glance/glance-scrubber-paste.ini] action create[0m
devr1n21  (up to date)[0m
devr1n21   * openstack-image_image[Image setup for cirros] action upload[0m
devr1n21 http://172.16.0.13:8080/images/cirros-0.3.0-x86_64-uec.tar.gz
devr1n21 
devr1n21 [0m
devr1n21 Recipe: <Dynamically Defined Resource>[0m
devr1n21   * bash[Uploading AMI image cirros] action run[0m
devr1n21  (skipped due to not_if)[0m
devr1n21 Recipe: openstack-image::api[0m
devr1n21   * openstack-image_image[Image setup for precise] action upload[0m
devr1n21 
devr1n21 [0m
devr1n21 Recipe: <Dynamically Defined Resource>[0m
devr1n21   * execute[Uploading QCOW2 image precise] action run[0m
devr1n21  (skipped due to not_if)[0m
devr1n21 Recipe: openstack-block-storage::cinder-common[0m
devr1n21   * package[openstack-cinder] action upgrade[0m (up to date)[0m
devr1n21   * directory[/etc/cinder] action create[0m (up to date)[0m
devr1n21   * directory[/var/lock/cinder] action create[0m (up to date)[0m
devr1n21   * template[/etc/cinder/cinder.conf] action create[0m
devr1n21  (up to date)[0m
devr1n21 Recipe: openstack-block-storage::api[0m
devr1n21   * package[python-cinderclient] action upgrade[0m
devr1n21  (up to date)[0m
devr1n21   * package[MySQL-python] action upgrade[0m (up to date)[0m
devr1n21   * directory[/var/cache/cinder] action create[0m
devr1n21  (up to date)[0m
devr1n21   * service[cinder-api] action enable[0m
devr1n21  (up to date)[0m
devr1n21   * service[cinder-api] action start[0m
devr1n21  (up to date)[0m
devr1n21   * execute[cinder-manage db sync] action run[0m
devr1n21 [32m
devr1n21     - execute cinder-manage db sync[0m
devr1n21 [0m
devr1n21   * template[/etc/cinder/api-paste.ini] action create[0m
devr1n21  (up to date)[0m
devr1n21   * template[/etc/cinder/policy.json] action create[0m
devr1n21  (up to date)[0m
devr1n21 Recipe: openstack-block-storage::identity_registration[0m
devr1n21   * openstack-identity_register[Register Cinder Volume Service] action create_service[0m
devr1n21  (up to date)[0m
devr1n21   * openstack-identity_register[Register Cinder Volume Endpoint] action create_endpoint[0m
devr1n21  (up to date)[0m
devr1n21   * openstack-identity_register[Register Cinder Service User] action create_user[0m
devr1n21  (up to date)[0m
devr1n21   * openstack-identity_register[Grant service Role to Cinder Service User for Cinder Service Tenant] action grant_role[0m
devr1n21  (up to date)[0m
devr1n21 Recipe: openstack-block-storage::scheduler[0m
devr1n21   * package[MySQL-python] action upgrade[0m
devr1n21  (up to date)[0m
devr1n21   * service[cinder-scheduler] action enable[0m
devr1n21  (up to date)[0m
devr1n21   * service[cinder-scheduler] action start[0m
devr1n21  (up to date)[0m
devr1n21 Recipe: openstack-compute::nova-common[0m
devr1n21   * package[openstack-nova-common] action upgrade[0m
devr1n21  (up to date)[0m
devr1n21   * package[python-memcached] action install[0m
devr1n21  (up to date)[0m
devr1n21   * directory[/etc/nova] action create[0m
devr1n21  (up to date)[0m
devr1n21   * directory[/etc/nova/rootwrap.d] action create[0m
devr1n21  (up to date)[0m
devr1n21   * template[/etc/nova/nova.conf] action create[0m
devr1n21 [32m
devr1n21     - update template[/etc/nova/nova.conf] from c61276 to 223a1c[0m[37m
devr1n21         --- /etc/nova/nova.conf	2013-10-11 03:39:12.148987819 -0500[0m[37m
devr1n21         +++ /tmp/chef-rendered-template20131011-24595-p96mc	2013-10-11 03:43:38.190987770 -0500[0m[37m
devr1n21         @@ -86,6 +86,7 @@[0m[37m
devr1n21          # Write a checksum for files in _base to disk (default: false)[0m[37m
devr1n21          checksum_base_images=false[0m[37m
devr1n21          [0m[37m
devr1n21         +[0m[37m
devr1n21          enabled_apis=osapi_compute,metadata[0m[37m
devr1n21          [0m[37m
devr1n21          ##### VNCPROXY #####[0m
devr1n21 [0m
devr1n21   * template[/etc/nova/rootwrap.conf] action create[0m
devr1n21  (up to date)[0m
devr1n21   * template[/etc/nova/rootwrap.d/api-metadata.filters] action create[0m
devr1n21  (up to date)[0m
devr1n21   * template[/etc/nova/rootwrap.d/compute.filters] action create[0m
devr1n21  (up to date)[0m
devr1n21   * template[/etc/nova/rootwrap.d/network.filters] action create[0m
devr1n21  (up to date)[0m
devr1n21   * template[/root/openrc] action create[0m
devr1n21  (up to date)[0m
devr1n21   * execute[enable nova login] action run[0m
devr1n21 [32m
devr1n21     - execute usermod -s /bin/sh nova[0m
devr1n21 [0m
devr1n21 Recipe: openstack-compute::vncproxy[0m
devr1n21   * package[openstack-nova-novncproxy] action upgrade[0m
devr1n21  (up to date)[0m
devr1n21   * package[openstack-nova-console] action upgrade[0m (up to date)[0m
devr1n21   * service[openstack-nova-novncproxy] action enable[0m
devr1n21  (up to date)[0m
devr1n21   * service[nova-consoleauth] action enable[0m
devr1n21  (up to date)[0m
devr1n21   * service[nova-consoleauth] action start[0m
devr1n21  (up to date)[0m
devr1n21 Recipe: openstack-dashboard::server[0m
devr1n21   * execute[set-selinux-permissive] action run[0m
devr1n21  (skipped due to only_if)[0m
devr1n21 Recipe: apache2::default[0m
devr1n21   * package[apache2] action install[0m
devr1n21  (up to date)[0m
devr1n21   * service[apache2] action enable[0m
devr1n21  (up to date)[0m
devr1n21   * directory[/var/log/httpd] action create[0m
devr1n21  (up to date)[0m
devr1n21   * package[perl] action install[0m
devr1n21  (up to date)[0m
devr1n21   * cookbook_file[/usr/local/bin/apache2_module_conf_generate.pl] action create[0m
devr1n21  (up to date)[0m
devr1n21   * directory[/etc/httpd/sites-available] action create[0m
devr1n21  (up to date)[0m
devr1n21   * directory[/etc/httpd/sites-enabled] action create[0m
devr1n21  (up to date)[0m
devr1n21   * directory[/etc/httpd/mods-available] action create[0m
devr1n21  (up to date)[0m
devr1n21   * directory[/etc/httpd/mods-enabled] action create[0m
devr1n21  (up to date)[0m
devr1n21   * execute[generate-module-list] action nothing[0m (up to date)[0m
devr1n21   * template[/usr/sbin/a2ensite] action create[0m
devr1n21  (up to date)[0m
devr1n21   * template[/usr/sbin/a2dissite] action create[0m
devr1n21  (up to date)[0m
devr1n21   * template[/usr/sbin/a2enmod] action create[0m
devr1n21  (up to date)[0m
devr1n21   * template[/usr/sbin/a2dismod] action create[0m
devr1n21  (up to date)[0m
devr1n21   * file[/etc/httpd/conf.d/proxy_ajp.conf] action delete[0m (up to date)[0m
devr1n21   * file[/etc/httpd/conf.d/auth_pam.conf] action delete[0m
devr1n21  (up to date)[0m
devr1n21   * file[/etc/httpd/conf.d/authz_ldap.conf] action delete[0m (up to date)[0m
devr1n21   * file[/etc/httpd/conf.d/webalizer.conf] action delete[0m (up to date)[0m
devr1n21   * file[/etc/httpd/conf.d/ssl.conf] action delete[0m
devr1n21  (up to date)[0m
devr1n21   * file[/etc/httpd/conf.d/welcome.conf] action delete[0m (up to date)[0m
devr1n21   * file[/etc/httpd/conf.d/README] action delete[0m (up to date)[0m
devr1n21 Recipe: apache2::mod_deflate[0m
devr1n21   * template[/etc/httpd/mods-available/deflate.conf] action create[0m
devr1n21  (up to date)[0m
devr1n21   * file[/etc/httpd/mods-available/deflate.load] action create[0m
devr1n21  (up to date)[0m
devr1n21   * execute[a2enmod deflate] action run[0m (skipped due to not_if)[0m
devr1n21 Recipe: apache2::default[0m
devr1n21   * directory[/etc/httpd/ssl] action create[0m
devr1n21  (up to date)[0m
devr1n21   * directory[/etc/httpd/conf.d] action create[0m
devr1n21  (up to date)[0m
devr1n21   * directory[/var/cache/httpd] action create[0m
devr1n21  (up to date)[0m
devr1n21   * template[/etc/sysconfig/httpd] action create[0m
devr1n21  (up to date)[0m
devr1n21   * template[apache2.conf] action create[0m
devr1n21  (up to date)[0m
devr1n21   * template[apache2-conf-security] action create[0m
devr1n21  (up to date)[0m
devr1n21   * template[apache2-conf-charset] action create[0m
devr1n21  (up to date)[0m
devr1n21   * template[/etc/httpd/ports.conf] action create[0m
devr1n21  (up to date)[0m
devr1n21   * template[/etc/httpd/sites-available/default] action create[0m
devr1n21  (up to date)[0m
devr1n21 Recipe: apache2::mod_status[0m
devr1n21   * template[/etc/httpd/mods-available/status.conf] action create[0m
devr1n21  (up to date)[0m
devr1n21   * file[/etc/httpd/mods-available/status.load] action create[0m
devr1n21  (up to date)[0m
devr1n21   * execute[a2enmod status] action run[0m (skipped due to not_if)[0m
devr1n21 Recipe: apache2::mod_alias[0m
devr1n21   * template[/etc/httpd/mods-available/alias.conf] action create[0m
devr1n21  (up to date)[0m
devr1n21   * file[/etc/httpd/mods-available/alias.load] action create[0m (up to date)[0m
devr1n21   * execute[a2enmod alias] action run[0m (skipped due to not_if)[0m
devr1n21 Recipe: apache2::mod_auth_basic[0m
devr1n21   * file[/etc/httpd/mods-available/auth_basic.load] action create[0m
devr1n21  (up to date)[0m
devr1n21   * execute[a2enmod auth_basic] action run[0m (skipped due to not_if)[0m
devr1n21 Recipe: apache2::mod_authn_file[0m
devr1n21   * file[/etc/httpd/mods-available/authn_file.load] action create[0m
devr1n21  (up to date)[0m
devr1n21   * execute[a2enmod authn_file] action run[0m
devr1n21  (skipped due to not_if)[0m
devr1n21 Recipe: apache2::mod_authz_default[0m
devr1n21   * file[/etc/httpd/mods-available/authz_default.load] action create[0m
devr1n21  (up to date)[0m
devr1n21   * execute[a2enmod authz_default] action run[0m (skipped due to not_if)[0m
devr1n21 Recipe: apache2::mod_authz_groupfile[0m
devr1n21   * file[/etc/httpd/mods-available/authz_groupfile.load] action create[0m
devr1n21  (up to date)[0m
devr1n21   * execute[a2enmod authz_groupfile] action run[0m (skipped due to not_if)[0m
devr1n21 Recipe: apache2::mod_authz_host[0m
devr1n21   * file[/etc/httpd/mods-available/authz_host.load] action create[0m
devr1n21  (up to date)[0m
devr1n21   * execute[a2enmod authz_host] action run[0m (skipped due to not_if)[0m
devr1n21 Recipe: apache2::mod_authz_user[0m
devr1n21   * file[/etc/httpd/mods-available/authz_user.load] action create[0m
devr1n21  (up to date)[0m
devr1n21   * execute[a2enmod authz_user] action run[0m (skipped due to not_if)[0m
devr1n21 Recipe: apache2::mod_autoindex[0m
devr1n21   * template[/etc/httpd/mods-available/autoindex.conf] action create[0m
devr1n21  (up to date)[0m
devr1n21   * file[/etc/httpd/mods-available/autoindex.load] action create[0m (up to date)[0m
devr1n21   * execute[a2enmod autoindex] action run[0m (skipped due to not_if)[0m
devr1n21 Recipe: apache2::mod_dir[0m
devr1n21   * template[/etc/httpd/mods-available/dir.conf] action create[0m
devr1n21  (up to date)[0m
devr1n21   * file[/etc/httpd/mods-available/dir.load] action create[0m
devr1n21  (up to date)[0m
devr1n21   * execute[a2enmod dir] action run[0m (skipped due to not_if)[0m
devr1n21 Recipe: apache2::mod_env[0m
devr1n21   * file[/etc/httpd/mods-available/env.load] action create[0m (up to date)[0m
devr1n21   * execute[a2enmod env] action run[0m
devr1n21  (skipped due to not_if)[0m
devr1n21 Recipe: apache2::mod_mime[0m
devr1n21   * template[/etc/httpd/mods-available/mime.conf] action create[0m
devr1n21  (up to date)[0m
devr1n21   * file[/etc/httpd/mods-available/mime.load] action create[0m (up to date)[0m
devr1n21   * execute[a2enmod mime] action run[0m
devr1n21  (skipped due to not_if)[0m
devr1n21 Recipe: apache2::mod_negotiation[0m
devr1n21   * template[/etc/httpd/mods-available/negotiation.conf] action create[0m
devr1n21  (up to date)[0m
devr1n21   * file[/etc/httpd/mods-available/negotiation.load] action create[0m
devr1n21  (up to date)[0m
devr1n21   * execute[a2enmod negotiation] action run[0m (skipped due to not_if)[0m
devr1n21 Recipe: apache2::mod_setenvif[0m
devr1n21   * template[/etc/httpd/mods-available/setenvif.conf] action create[0m
devr1n21  (up to date)[0m
devr1n21   * file[/etc/httpd/mods-available/setenvif.load] action create[0m (up to date)[0m
devr1n21   * execute[a2enmod setenvif] action run[0m (skipped due to not_if)[0m
devr1n21 Recipe: apache2::mod_log_config[0m
devr1n21   * file[/etc/httpd/mods-available/log_config.load] action create[0m
devr1n21  (up to date)[0m
devr1n21   * execute[a2enmod log_config] action run[0m (skipped due to not_if)[0m
devr1n21 Recipe: apache2::mod_logio[0m
devr1n21   * file[/etc/httpd/mods-available/logio.load] action create[0m
devr1n21  (up to date)[0m
devr1n21   * execute[a2enmod logio] action run[0m (skipped due to not_if)[0m
devr1n21 Recipe: apache2::default[0m
devr1n21   * execute[a2dissite default] action run[0m (skipped due to only_if)[0m
devr1n21   * service[apache2] action start[0m
devr1n21  (up to date)[0m
devr1n21 Recipe: apache2::mod_wsgi[0m
devr1n21   * package[mod_wsgi] action install[0m
devr1n21  (up to date)[0m
devr1n21   * file[/etc/httpd/conf.d/wsgi.conf] action delete[0m (up to date)[0m
devr1n21   * file[/etc/httpd/mods-available/wsgi.load] action create[0m
devr1n21  (up to date)[0m
devr1n21   * execute[a2enmod wsgi] action run[0m (skipped due to not_if)[0m
devr1n21 Recipe: apache2::mod_rewrite[0m
devr1n21   * file[/etc/httpd/mods-available/rewrite.load] action create[0m
devr1n21  (up to date)[0m
devr1n21   * execute[a2enmod rewrite] action run[0m (skipped due to not_if)[0m
devr1n21 Recipe: apache2::mod_ssl[0m
devr1n21   * package[mod_ssl] action install[0m
devr1n21  (up to date)[0m
devr1n21   * file[/etc/httpd/conf.d/ssl.conf] action delete[0m (up to date)[0m
devr1n21   * template[/etc/httpd/ports.conf] action create[0m
devr1n21  (up to date)[0m
devr1n21   * template[/etc/httpd/mods-available/ssl.conf] action create[0m
devr1n21  (up to date)[0m
devr1n21   * file[/etc/httpd/mods-available/ssl.load] action create[0m
devr1n21  (up to date)[0m
devr1n21   * execute[a2enmod ssl] action run[0m (skipped due to not_if)[0m
devr1n21 Recipe: openstack-dashboard::server[0m
devr1n21   * execute[set-selinux-enforcing] action run[0m
devr1n21  (skipped due to only_if)[0m
devr1n21   * package[openstack-dashboard] action upgrade[0m
devr1n21  (up to date)[0m
devr1n21   * package[MySQL-python] action upgrade[0m
devr1n21  (up to date)[0m
devr1n21   * package[python-memcached] action install[0m
devr1n21  (up to date)[0m
devr1n21   * template[/etc/openstack-dashboard/local_settings] action create[0m
devr1n21  (up to date)[0m
devr1n21   * execute[openstack-dashboard syncdb] action run[0m
devr1n21 [32m
devr1n21     - execute python manage.py syncdb --noinput[0m
devr1n21 [0m
devr1n21   * cookbook_file[/etc/pki/tls/certs/horizon.pem] action create[0m
devr1n21  (up to date)[0m
devr1n21   * cookbook_file[/etc/pki/tls/private/horizon.key] action create[0m
devr1n21  (up to date)[0m
devr1n21   * directory[/usr/share/openstack-dashboard/openstack_dashboard/.blackhole] action create[0m
devr1n21  (up to date)[0m
devr1n21   * template[/etc/httpd/conf.d/openstack-dashboard] action create[0m
devr1n21  (up to date)[0m
devr1n21   * file[/etc/httpd/conf.d/openstack-dashboard.conf] action delete[0m
devr1n21  (up to date)[0m
devr1n21   * package[openstack-dashboard-ubuntu-theme] action purge[0m (skipped due to only_if)[0m
devr1n21   * execute[a2ensite openstack-dashboard] action run[0m
devr1n21  (skipped due to only_if)[0m
devr1n21   * execute[restore-selinux-context] action nothing[0m (skipped due to only_if)[0m
devr1n21 Recipe: openstack-compute::network[0m
devr1n21   * package[iptables] action upgrade[0m
devr1n21  (up to date)[0m
devr1n21   * package[openstack-nova-network] action upgrade[0m (up to date)[0m
devr1n21   * service[nova-network] action enable[0m
devr1n21  (up to date)[0m
devr1n21 Recipe: openstack-compute::vncproxy[0m
devr1n21   * service[openstack-nova-novncproxy] action restart[0m
devr1n21 [32m
devr1n21     - restart service service[openstack-nova-novncproxy][0m
devr1n21 [0m
devr1n21   * service[nova-consoleauth] action restart[0m
devr1n21 [32m
devr1n21     - restart service service[nova-consoleauth][0m
devr1n21 [0m
devr1n21 Recipe: openstack-compute::network[0m
devr1n21   * service[nova-network] action restart[0m
devr1n21 [32m
devr1n21     - restart service service[nova-network][0m
devr1n21 [0m
devr1n21 Chef Client finished, 27 resources updated[0m
